<?xml version="1.0" encoding="UTF-8"?>
<testsuite name="org.mortys.model.dao.StudentDAOTest" time="0.076" tests="12" errors="0" skipped="0" failures="0">
  <properties>
[...]
</properties>
  <testcase name="getIstanceTest" classname="org.mortys.model.dao.StudentDAOTest" time="0"/>
  <testcase name="setGeburtsDatum" classname="org.mortys.model.dao.StudentDAOTest" time="0.006"/>
  <testcase name="setNachname" classname="org.mortys.model.dao.StudentDAOTest" time="0.006"/>
  <testcase name="setVorname" classname="org.mortys.model.dao.StudentDAOTest" time="0.005"/>
  <testcase name="changeUsername" classname="org.mortys.model.dao.StudentDAOTest" time="0.006"/>
  <testcase name="setAnrede" classname="org.mortys.model.dao.StudentDAOTest" time="0.006"/>
  <testcase name="setAvatar" classname="org.mortys.model.dao.StudentDAOTest" time="0.006"/>
  <testcase name="setBeschäftigungTest" classname="org.mortys.model.dao.StudentDAOTest" time="0.006"/>
  <testcase name="setStatus" classname="org.mortys.model.dao.StudentDAOTest" time="0.005"/>
  <testcase name="fetchUserTest" classname="org.mortys.model.dao.StudentDAOTest" time="0.008"/>
  <testcase name="setTelefon" classname="org.mortys.model.dao.StudentDAOTest" time="0.005"/>
  <testcase name="fetchAllUsersTest" classname="org.mortys.model.dao.StudentDAOTest" time="0.017"/>
</testsuite>